[debug] [2024-02-24T15:24:44.035Z] ----------------------------------------------------------------------
[debug] [2024-02-24T15:24:44.037Z] Command:       C:\Program Files\nodejs\node.exe C:\Users\PC\AppData\Roaming\npm\node_modules\firebase-tools\lib\bin\firebase.js init
[debug] [2024-02-24T15:24:44.037Z] CLI Version:   13.3.0
[debug] [2024-02-24T15:24:44.037Z] Platform:      win32
[debug] [2024-02-24T15:24:44.038Z] Node Version:  v18.17.1
[debug] [2024-02-24T15:24:44.038Z] Time:          Sat Feb 24 2024 22:24:44 GMT+0700 (Indochina Time)
[debug] [2024-02-24T15:24:44.038Z] ----------------------------------------------------------------------
[debug] 
[debug] [2024-02-24T15:24:44.040Z] >>> [apiv2][query] GET https://firebase-public.firebaseio.com/cli.json [none]
[debug] [2024-02-24T15:24:44.076Z] > command requires scopes: ["email","openid","https://www.googleapis.com/auth/cloudplatformprojects.readonly","https://www.googleapis.com/auth/firebase","https://www.googleapis.com/auth/cloud-platform"]
[debug] [2024-02-24T15:24:44.076Z] > authorizing via signed-in user (hacongbang174@gmail.com)
[info] 
     ######## #### ########  ######## ########     ###     ######  ########
     ##        ##  ##     ## ##       ##     ##  ##   ##  ##       ##
     ######    ##  ########  ######   ########  #########  ######  ######
     ##        ##  ##    ##  ##       ##     ## ##     ##       ## ##
     ##       #### ##     ## ######## ########  ##     ##  ######  ########

You're about to initialize a Firebase project in this directory:

  D:\TST-ECO\gce\company-site

[debug] [2024-02-24T15:24:44.604Z] <<< [apiv2][status] GET https://firebase-public.firebaseio.com/cli.json 200
[debug] [2024-02-24T15:24:44.605Z] <<< [apiv2][body] GET https://firebase-public.firebaseio.com/cli.json {"cloudBuildErrorAfter":1594252800000,"cloudBuildWarnAfter":1590019200000,"defaultNode10After":1594252800000,"minVersion":"3.0.5","node8DeploysDisabledAfter":1613390400000,"node8RuntimeDisabledAfter":1615809600000,"node8WarnAfter":1600128000000}
[info] 
=== Project Setup
[info] 
[info] First, let's associate this project directory with a Firebase project.
[info] You can create multiple project aliases by running firebase use --add, 
[info] but for now we'll just set up a default project.
[info] 
[debug] [2024-02-24T15:24:50.829Z] > refreshing access token with scopes: []
[debug] [2024-02-24T15:24:50.830Z] >>> [apiv2][query] POST https://www.googleapis.com/oauth2/v3/token [none]
[debug] [2024-02-24T15:24:50.830Z] >>> [apiv2][body] POST https://www.googleapis.com/oauth2/v3/token [omitted]
[debug] [2024-02-24T15:24:51.146Z] <<< [apiv2][status] POST https://www.googleapis.com/oauth2/v3/token 200
[debug] [2024-02-24T15:24:51.146Z] <<< [apiv2][body] POST https://www.googleapis.com/oauth2/v3/token [omitted]
[debug] [2024-02-24T15:24:51.152Z] >>> [apiv2][query] GET https://firebase.googleapis.com/v1beta1/projects pageSize=100
[debug] [2024-02-24T15:24:51.898Z] <<< [apiv2][status] GET https://firebase.googleapis.com/v1beta1/projects 200
[debug] [2024-02-24T15:24:51.898Z] <<< [apiv2][body] GET https://firebase.googleapis.com/v1beta1/projects [omitted]
[info] i  Using project company-site-27e2d (company-site) 
[info] 
=== Hosting Setup
[debug] [2024-02-24T15:24:56.160Z] >>> [apiv2][query] GET https://firebase.googleapis.com/v1beta1/projects/company-site-27e2d [none]
[debug] [2024-02-24T15:24:56.515Z] <<< [apiv2][status] GET https://firebase.googleapis.com/v1beta1/projects/company-site-27e2d 200
[debug] [2024-02-24T15:24:56.515Z] <<< [apiv2][body] GET https://firebase.googleapis.com/v1beta1/projects/company-site-27e2d {"projectId":"company-site-27e2d","projectNumber":"217511174296","displayName":"company-site","name":"projects/company-site-27e2d","resources":{"hostingSite":"company-site-27e2d"},"state":"ACTIVE","etag":"1_c47ab86c-15de-4a45-a998-282a31f6f967"}
[info] 
[info] Your public directory is the folder (relative to your project directory) that
[info] will contain Hosting assets to be uploaded with firebase deploy. If you
[info] have a build process for your assets, use your build's output directory.
[info] 
[debug] [2024-02-24T15:25:02.956Z] >>> [apiv2][query] GET https://www.gstatic.com/firebasejs/releases.json [none]
[debug] [2024-02-24T15:25:03.089Z] <<< [apiv2][status] GET https://www.gstatic.com/firebasejs/releases.json 200
[debug] [2024-02-24T15:25:03.089Z] <<< [apiv2][body] GET https://www.gstatic.com/firebasejs/releases.json {"current":{"version":"10.8.0","browserURL":"https://www.gstatic.com/firebasejs/10.8.0/firebase.js","packageURL":"https://www.gstatic.com/firebasejs/10.8.0/firebase.tgz"},"live":{"version":"10.8","browserURL":"https://www.gstatic.com/firebasejs/live/10.8/firebase.js","packageURL":"https://www.gstatic.com/firebasejs/live/10.8/firebase.tgz"},"components":{"analytics":"https://www.gstatic.com/firebasejs/10.8.0/firebase-analytics.js","app":"https://www.gstatic.com/firebasejs/10.8.0/firebase-app.js","app-check":"https://www.gstatic.com/firebasejs/10.8.0/firebase-app-check.js","auth":"https://www.gstatic.com/firebasejs/10.8.0/firebase-auth.js","auth/cordova":"https://www.gstatic.com/firebasejs/10.8.0/firebase-auth/cordova.js","auth/web-extension":"https://www.gstatic.com/firebasejs/10.8.0/firebase-auth/web-extension.js","functions":"https://www.gstatic.com/firebasejs/10.8.0/firebase-functions.js","firestore":"https://www.gstatic.com/firebasejs/10.8.0/firebase-firestore.js","firestore/lite":"https://www.gstatic.com/firebasejs/10.8.0/firebase-firestore/lite.js","installations":"https://www.gstatic.com/firebasejs/10.8.0/firebase-installations.js","storage":"https://www.gstatic.com/firebasejs/10.8.0/firebase-storage.js","performance":"https://www.gstatic.com/firebasejs/10.8.0/firebase-performance.js","remote-config":"https://www.gstatic.com/firebasejs/10.8.0/firebase-remote-config.js","messaging":"https://www.gstatic.com/firebasejs/10.8.0/firebase-messaging.js","messaging/sw":"https://www.gstatic.com/firebasejs/10.8.0/firebase-messaging/sw.js","database":"https://www.gstatic.com/firebasejs/10.8.0/firebase-database.js","firestore.memory":"https://www.gstatic.com/firebasejs/10.8.0/firebase-firestore.memory.js"}}
[info] +  Wrote public/index.html 
[info] 
[info] i  Writing configuration info to firebase.json... 
[info] i  Writing project information to .firebaserc... 
[info] 
[info] +  Firebase initialization complete! 
[debug] [2024-02-24T15:25:47.949Z] Error: Timed out.
    at Timeout._onTimeout (C:\Users\PC\AppData\Roaming\npm\node_modules\firebase-tools\lib\utils.js:258:49)
    at listOnTimeout (node:internal/timers:569:17)
    at process.processTimers (node:internal/timers:512:7)
[error] 
[error] Error: An unexpected error has occurred.
